[2025-04-09 00:02:55] Error [2]: Undefined variable $row in /Applications/XAMPP/xamppfiles/htdocs/apps/website/tugas/spk_blt/views/data-master/kriteria.php on line 64
[2025-04-09 00:03:42] Error [2]: Undefined array key "type" in /Applications/XAMPP/xamppfiles/htdocs/apps/website/tugas/spk_blt/views/data-master/kriteria.php on line 67
[2025-04-09 00:03:42] Error [2]: Undefined array key "kriteria" in /Applications/XAMPP/xamppfiles/htdocs/apps/website/tugas/spk_blt/views/data-master/kriteria.php on line 75
[2025-04-09 00:03:45] Error [2]: Undefined array key "type" in /Applications/XAMPP/xamppfiles/htdocs/apps/website/tugas/spk_blt/views/data-master/kriteria.php on line 67
[2025-04-09 00:03:45] Error [2]: Undefined array key "kriteria" in /Applications/XAMPP/xamppfiles/htdocs/apps/website/tugas/spk_blt/views/data-master/kriteria.php on line 75
[2025-04-09 00:03:47] Error [2]: Undefined array key "type" in /Applications/XAMPP/xamppfiles/htdocs/apps/website/tugas/spk_blt/views/data-master/kriteria.php on line 67
[2025-04-09 00:03:47] Error [2]: Undefined array key "kriteria" in /Applications/XAMPP/xamppfiles/htdocs/apps/website/tugas/spk_blt/views/data-master/kriteria.php on line 75
[2025-04-09 00:04:08] Error [2]: Undefined array key "type" in /Applications/XAMPP/xamppfiles/htdocs/apps/website/tugas/spk_blt/views/data-master/kriteria.php on line 67
[2025-04-09 00:04:09] Error [2]: Undefined array key "type" in /Applications/XAMPP/xamppfiles/htdocs/apps/website/tugas/spk_blt/views/data-master/kriteria.php on line 67
[2025-04-09 00:08:05] Error [2]: Undefined array key "" in /Applications/XAMPP/xamppfiles/htdocs/apps/website/tugas/spk_blt/views/data-master/edit-kriteria.php on line 23
[2025-04-09 00:08:37] Error [2]: Undefined array key "" in /Applications/XAMPP/xamppfiles/htdocs/apps/website/tugas/spk_blt/views/data-master/edit-kriteria.php on line 23
[2025-04-09 00:13:01] Error [2]: Undefined variable $data in /Applications/XAMPP/xamppfiles/htdocs/apps/website/tugas/spk_blt/views/data-master/edit-kriteria.php on line 36
[2025-04-09 00:13:01] Error [2]: Trying to access array offset on value of type null in /Applications/XAMPP/xamppfiles/htdocs/apps/website/tugas/spk_blt/views/data-master/edit-kriteria.php on line 36
[2025-04-09 09:29:49] Error [2]: foreach() argument must be of type array|object, string given in /Applications/XAMPP/xamppfiles/htdocs/apps/website/tugas/spk_blt/views/data-master/add-sub-kriteria.php on line 32
[2025-04-09 09:32:26] Error [2]: Undefined array key "" in /Applications/XAMPP/xamppfiles/htdocs/apps/website/tugas/spk_blt/views/data-master/edit-sub-kriteria.php on line 23
[2025-04-09 09:32:35] Error [2]: Undefined array key "" in /Applications/XAMPP/xamppfiles/htdocs/apps/website/tugas/spk_blt/views/data-master/edit-sub-kriteria.php on line 23
[2025-04-09 09:33:11] Error [2]: Undefined array key "" in /Applications/XAMPP/xamppfiles/htdocs/apps/website/tugas/spk_blt/views/data-master/edit-sub-kriteria.php on line 23
[2025-04-09 09:33:14] Error [2]: Undefined array key "" in /Applications/XAMPP/xamppfiles/htdocs/apps/website/tugas/spk_blt/views/data-master/edit-sub-kriteria.php on line 23
[2025-04-09 09:33:16] Error [2]: Undefined array key "" in /Applications/XAMPP/xamppfiles/htdocs/apps/website/tugas/spk_blt/views/data-master/edit-sub-kriteria.php on line 23
[2025-04-09 10:02:12] Error [2]: Undefined array key "" in /Applications/XAMPP/xamppfiles/htdocs/apps/website/tugas/spk_blt/views/data-master/edit-penerima-blt.php on line 23
[2025-04-09 10:03:09] Error [2]: Undefined array key "" in /Applications/XAMPP/xamppfiles/htdocs/apps/website/tugas/spk_blt/views/data-master/edit-penerima-blt.php on line 23
[2025-04-09 10:03:53] Error [2]: Undefined array key "" in /Applications/XAMPP/xamppfiles/htdocs/apps/website/tugas/spk_blt/views/data-master/edit-penerima-blt.php on line 23
[2025-04-09 10:24:50] Error [2]: Undefined variable $data in /Applications/XAMPP/xamppfiles/htdocs/apps/website/tugas/spk_blt/views/data-master/kriteria-penerima-blt.php on line 38
[2025-04-09 10:24:50] Error [2]: Trying to access array offset on value of type null in /Applications/XAMPP/xamppfiles/htdocs/apps/website/tugas/spk_blt/views/data-master/kriteria-penerima-blt.php on line 38
[2025-04-09 10:24:50] Error [2]: Undefined variable $data in /Applications/XAMPP/xamppfiles/htdocs/apps/website/tugas/spk_blt/views/data-master/kriteria-penerima-blt.php on line 39
[2025-04-09 10:24:50] Error [2]: Trying to access array offset on value of type null in /Applications/XAMPP/xamppfiles/htdocs/apps/website/tugas/spk_blt/views/data-master/kriteria-penerima-blt.php on line 39
[2025-04-09 11:03:54] Error [2]: Undefined array key "nama_alternatif" in /Applications/XAMPP/xamppfiles/htdocs/apps/website/tugas/spk_blt/views/data-master/penilaian.php on line 34
[2025-04-09 11:11:40] Error [2]: Undefined array key "" in /Applications/XAMPP/xamppfiles/htdocs/apps/website/tugas/spk_blt/views/data-master/edit-penilaian.php on line 23
[2025-04-09 11:11:40] Error [2]: Undefined array key "nama_lengkap" in /Applications/XAMPP/xamppfiles/htdocs/apps/website/tugas/spk_blt/views/data-master/edit-penilaian.php on line 38
[2025-04-09 11:18:14] Error [2]: Undefined array key "C1" in /Applications/XAMPP/xamppfiles/htdocs/apps/website/tugas/spk_blt/views/data-master/edit-penilaian.php on line 50
[2025-04-09 11:18:14] Error [2]: Undefined array key "C2" in /Applications/XAMPP/xamppfiles/htdocs/apps/website/tugas/spk_blt/views/data-master/edit-penilaian.php on line 50
[2025-04-09 11:18:14] Error [2]: Undefined array key "C3" in /Applications/XAMPP/xamppfiles/htdocs/apps/website/tugas/spk_blt/views/data-master/edit-penilaian.php on line 50
[2025-04-09 11:18:14] Error [2]: Undefined array key "C4" in /Applications/XAMPP/xamppfiles/htdocs/apps/website/tugas/spk_blt/views/data-master/edit-penilaian.php on line 50
[2025-04-09 11:18:14] Error [2]: Undefined array key "C5" in /Applications/XAMPP/xamppfiles/htdocs/apps/website/tugas/spk_blt/views/data-master/edit-penilaian.php on line 50
[2025-04-09 11:18:28] Error [2]: Undefined array key "C1" in /Applications/XAMPP/xamppfiles/htdocs/apps/website/tugas/spk_blt/views/data-master/edit-penilaian.php on line 50
[2025-04-09 11:18:28] Error [2]: Undefined array key "C2" in /Applications/XAMPP/xamppfiles/htdocs/apps/website/tugas/spk_blt/views/data-master/edit-penilaian.php on line 50
[2025-04-09 11:18:28] Error [2]: Undefined array key "C3" in /Applications/XAMPP/xamppfiles/htdocs/apps/website/tugas/spk_blt/views/data-master/edit-penilaian.php on line 50
[2025-04-09 11:18:28] Error [2]: Undefined array key "C4" in /Applications/XAMPP/xamppfiles/htdocs/apps/website/tugas/spk_blt/views/data-master/edit-penilaian.php on line 50
[2025-04-09 11:18:28] Error [2]: Undefined array key "C5" in /Applications/XAMPP/xamppfiles/htdocs/apps/website/tugas/spk_blt/views/data-master/edit-penilaian.php on line 50
[2025-04-09 11:18:30] Error [2]: Undefined array key "C1" in /Applications/XAMPP/xamppfiles/htdocs/apps/website/tugas/spk_blt/views/data-master/edit-penilaian.php on line 50
[2025-04-09 11:18:30] Error [2]: Undefined array key "C2" in /Applications/XAMPP/xamppfiles/htdocs/apps/website/tugas/spk_blt/views/data-master/edit-penilaian.php on line 50
[2025-04-09 11:18:30] Error [2]: Undefined array key "C3" in /Applications/XAMPP/xamppfiles/htdocs/apps/website/tugas/spk_blt/views/data-master/edit-penilaian.php on line 50
[2025-04-09 11:18:30] Error [2]: Undefined array key "C4" in /Applications/XAMPP/xamppfiles/htdocs/apps/website/tugas/spk_blt/views/data-master/edit-penilaian.php on line 50
[2025-04-09 11:18:30] Error [2]: Undefined array key "C5" in /Applications/XAMPP/xamppfiles/htdocs/apps/website/tugas/spk_blt/views/data-master/edit-penilaian.php on line 50
[2025-04-09 11:21:35] Error [2]: Undefined variable $row in /Applications/XAMPP/xamppfiles/htdocs/apps/website/tugas/spk_blt/views/data-master/edit-penilaian.php on line 36
[2025-04-09 11:21:35] Error [2]: Trying to access array offset on value of type null in /Applications/XAMPP/xamppfiles/htdocs/apps/website/tugas/spk_blt/views/data-master/edit-penilaian.php on line 36
[2025-04-09 11:21:35] Error [2]: Undefined variable $row in /Applications/XAMPP/xamppfiles/htdocs/apps/website/tugas/spk_blt/views/data-master/edit-penilaian.php on line 37
[2025-04-09 11:21:35] Error [2]: Trying to access array offset on value of type null in /Applications/XAMPP/xamppfiles/htdocs/apps/website/tugas/spk_blt/views/data-master/edit-penilaian.php on line 37
[2025-04-09 11:21:36] Error [2]: Undefined variable $row in /Applications/XAMPP/xamppfiles/htdocs/apps/website/tugas/spk_blt/views/data-master/edit-penilaian.php on line 36
[2025-04-09 11:21:36] Error [2]: Trying to access array offset on value of type null in /Applications/XAMPP/xamppfiles/htdocs/apps/website/tugas/spk_blt/views/data-master/edit-penilaian.php on line 36
[2025-04-09 11:21:36] Error [2]: Undefined variable $row in /Applications/XAMPP/xamppfiles/htdocs/apps/website/tugas/spk_blt/views/data-master/edit-penilaian.php on line 37
[2025-04-09 11:21:36] Error [2]: Trying to access array offset on value of type null in /Applications/XAMPP/xamppfiles/htdocs/apps/website/tugas/spk_blt/views/data-master/edit-penilaian.php on line 37
[2025-04-09 11:21:37] Error [2]: Undefined variable $row in /Applications/XAMPP/xamppfiles/htdocs/apps/website/tugas/spk_blt/views/data-master/edit-penilaian.php on line 36
[2025-04-09 11:21:37] Error [2]: Trying to access array offset on value of type null in /Applications/XAMPP/xamppfiles/htdocs/apps/website/tugas/spk_blt/views/data-master/edit-penilaian.php on line 36
[2025-04-09 11:21:37] Error [2]: Undefined variable $row in /Applications/XAMPP/xamppfiles/htdocs/apps/website/tugas/spk_blt/views/data-master/edit-penilaian.php on line 37
[2025-04-09 11:21:37] Error [2]: Trying to access array offset on value of type null in /Applications/XAMPP/xamppfiles/htdocs/apps/website/tugas/spk_blt/views/data-master/edit-penilaian.php on line 37
[2025-04-09 11:21:38] Error [2]: Undefined variable $row in /Applications/XAMPP/xamppfiles/htdocs/apps/website/tugas/spk_blt/views/data-master/edit-penilaian.php on line 36
[2025-04-09 11:21:38] Error [2]: Trying to access array offset on value of type null in /Applications/XAMPP/xamppfiles/htdocs/apps/website/tugas/spk_blt/views/data-master/edit-penilaian.php on line 36
[2025-04-09 11:21:38] Error [2]: Undefined variable $row in /Applications/XAMPP/xamppfiles/htdocs/apps/website/tugas/spk_blt/views/data-master/edit-penilaian.php on line 37
[2025-04-09 11:21:38] Error [2]: Trying to access array offset on value of type null in /Applications/XAMPP/xamppfiles/htdocs/apps/website/tugas/spk_blt/views/data-master/edit-penilaian.php on line 37
[2025-04-09 11:23:08] Error [2]: Undefined variable $row in /Applications/XAMPP/xamppfiles/htdocs/apps/website/tugas/spk_blt/views/data-master/edit-penilaian.php on line 36
[2025-04-09 11:23:08] Error [2]: Trying to access array offset on value of type null in /Applications/XAMPP/xamppfiles/htdocs/apps/website/tugas/spk_blt/views/data-master/edit-penilaian.php on line 36
[2025-04-09 11:23:08] Error [2]: Undefined variable $row in /Applications/XAMPP/xamppfiles/htdocs/apps/website/tugas/spk_blt/views/data-master/edit-penilaian.php on line 37
[2025-04-09 11:23:08] Error [2]: Trying to access array offset on value of type null in /Applications/XAMPP/xamppfiles/htdocs/apps/website/tugas/spk_blt/views/data-master/edit-penilaian.php on line 37
[2025-04-09 11:23:08] Error [2]: Undefined variable $row in /Applications/XAMPP/xamppfiles/htdocs/apps/website/tugas/spk_blt/views/data-master/edit-penilaian.php on line 36
[2025-04-09 11:23:08] Error [2]: Trying to access array offset on value of type null in /Applications/XAMPP/xamppfiles/htdocs/apps/website/tugas/spk_blt/views/data-master/edit-penilaian.php on line 36
[2025-04-09 11:23:08] Error [2]: Undefined variable $row in /Applications/XAMPP/xamppfiles/htdocs/apps/website/tugas/spk_blt/views/data-master/edit-penilaian.php on line 37
[2025-04-09 11:23:08] Error [2]: Trying to access array offset on value of type null in /Applications/XAMPP/xamppfiles/htdocs/apps/website/tugas/spk_blt/views/data-master/edit-penilaian.php on line 37
[2025-04-09 11:23:10] Error [2]: Undefined variable $row in /Applications/XAMPP/xamppfiles/htdocs/apps/website/tugas/spk_blt/views/data-master/edit-penilaian.php on line 36
[2025-04-09 11:23:10] Error [2]: Trying to access array offset on value of type null in /Applications/XAMPP/xamppfiles/htdocs/apps/website/tugas/spk_blt/views/data-master/edit-penilaian.php on line 36
[2025-04-09 11:23:10] Error [2]: Undefined variable $row in /Applications/XAMPP/xamppfiles/htdocs/apps/website/tugas/spk_blt/views/data-master/edit-penilaian.php on line 37
[2025-04-09 11:23:10] Error [2]: Trying to access array offset on value of type null in /Applications/XAMPP/xamppfiles/htdocs/apps/website/tugas/spk_blt/views/data-master/edit-penilaian.php on line 37
[2025-04-09 22:37:53] Error [2]: Undefined array key "value" in /Applications/XAMPP/xamppfiles/htdocs/apps/website/tugas/spk_blt/views/data-master/perhitungan.php on line 47
[2025-04-09 22:55:24] Error [2]: Undefined array key "type" in /Applications/XAMPP/xamppfiles/htdocs/apps/website/tugas/spk_blt/views/data-master/perhitungan.php on line 132
[2025-04-09 22:55:24] Error [2]: Undefined array key "type" in /Applications/XAMPP/xamppfiles/htdocs/apps/website/tugas/spk_blt/views/data-master/perhitungan.php on line 132
[2025-04-09 22:55:24] Error [2]: Undefined array key "type" in /Applications/XAMPP/xamppfiles/htdocs/apps/website/tugas/spk_blt/views/data-master/perhitungan.php on line 132
[2025-04-09 22:55:24] Error [2]: Undefined array key "type" in /Applications/XAMPP/xamppfiles/htdocs/apps/website/tugas/spk_blt/views/data-master/perhitungan.php on line 132
[2025-04-09 22:55:24] Error [2]: Undefined array key "type" in /Applications/XAMPP/xamppfiles/htdocs/apps/website/tugas/spk_blt/views/data-master/perhitungan.php on line 132
[2025-04-09 22:57:19] Error [2]: Undefined array key "type" in /Applications/XAMPP/xamppfiles/htdocs/apps/website/tugas/spk_blt/views/data-master/saw.php on line 35
[2025-04-09 22:57:19] Error [2]: Undefined array key "type" in /Applications/XAMPP/xamppfiles/htdocs/apps/website/tugas/spk_blt/views/data-master/saw.php on line 35
[2025-04-09 22:57:19] Error [2]: Undefined array key "type" in /Applications/XAMPP/xamppfiles/htdocs/apps/website/tugas/spk_blt/views/data-master/saw.php on line 35
[2025-04-09 22:57:19] Error [2]: Undefined array key "type" in /Applications/XAMPP/xamppfiles/htdocs/apps/website/tugas/spk_blt/views/data-master/saw.php on line 35
[2025-04-09 22:57:19] Error [2]: Undefined array key "type" in /Applications/XAMPP/xamppfiles/htdocs/apps/website/tugas/spk_blt/views/data-master/saw.php on line 35
[2025-04-09 22:57:36] Error [2]: Undefined array key "type" in /Applications/XAMPP/xamppfiles/htdocs/apps/website/tugas/spk_blt/views/data-master/saw.php on line 35
[2025-04-09 22:57:36] Error [2]: Undefined array key "type" in /Applications/XAMPP/xamppfiles/htdocs/apps/website/tugas/spk_blt/views/data-master/saw.php on line 35
[2025-04-09 22:57:36] Error [2]: Undefined array key "type" in /Applications/XAMPP/xamppfiles/htdocs/apps/website/tugas/spk_blt/views/data-master/saw.php on line 35
[2025-04-09 22:57:36] Error [2]: Undefined array key "type" in /Applications/XAMPP/xamppfiles/htdocs/apps/website/tugas/spk_blt/views/data-master/saw.php on line 35
[2025-04-09 22:57:36] Error [2]: Undefined array key "type" in /Applications/XAMPP/xamppfiles/htdocs/apps/website/tugas/spk_blt/views/data-master/saw.php on line 35
[2025-04-09 22:57:37] Error [2]: Undefined array key "type" in /Applications/XAMPP/xamppfiles/htdocs/apps/website/tugas/spk_blt/views/data-master/saw.php on line 35
[2025-04-09 22:57:37] Error [2]: Undefined array key "type" in /Applications/XAMPP/xamppfiles/htdocs/apps/website/tugas/spk_blt/views/data-master/saw.php on line 35
[2025-04-09 22:57:37] Error [2]: Undefined array key "type" in /Applications/XAMPP/xamppfiles/htdocs/apps/website/tugas/spk_blt/views/data-master/saw.php on line 35
[2025-04-09 22:57:37] Error [2]: Undefined array key "type" in /Applications/XAMPP/xamppfiles/htdocs/apps/website/tugas/spk_blt/views/data-master/saw.php on line 35
[2025-04-09 22:57:37] Error [2]: Undefined array key "type" in /Applications/XAMPP/xamppfiles/htdocs/apps/website/tugas/spk_blt/views/data-master/saw.php on line 35
[2025-04-09 23:39:15] Error [2]: Undefined variable $key in /Applications/XAMPP/xamppfiles/htdocs/apps/website/tugas/spk_blt/views/data-master/perhitungan.php on line 183
[2025-04-09 23:39:15] Error [2]: Undefined array key "nama_siswa" in /Applications/XAMPP/xamppfiles/htdocs/apps/website/tugas/spk_blt/views/data-master/perhitungan.php on line 184
[2025-04-09 23:39:26] Error [2]: Undefined variable $key in /Applications/XAMPP/xamppfiles/htdocs/apps/website/tugas/spk_blt/views/data-master/perhitungan.php on line 183
[2025-04-09 23:39:28] Error [2]: Undefined variable $key in /Applications/XAMPP/xamppfiles/htdocs/apps/website/tugas/spk_blt/views/data-master/perhitungan.php on line 183
[2025-04-09 23:39:29] Error [2]: Undefined variable $key in /Applications/XAMPP/xamppfiles/htdocs/apps/website/tugas/spk_blt/views/data-master/perhitungan.php on line 183
[2025-04-09 23:40:08] Error [2]: Undefined variable $1 in /Applications/XAMPP/xamppfiles/htdocs/apps/website/tugas/spk_blt/views/data-master/perhitungan.php on line 184
[2025-04-09 23:40:10] Error [2]: Undefined variable $1 in /Applications/XAMPP/xamppfiles/htdocs/apps/website/tugas/spk_blt/views/data-master/perhitungan.php on line 184
[2025-04-10 00:22:31] Error [2]: Undefined variable $mpdf in /Applications/XAMPP/xamppfiles/htdocs/apps/website/tugas/spk_blt/views/data-master/laporan.php on line 110
[2025-05-13 14:53:59] Error [2]: Undefined array key "status" in /Applications/XAMPP/xamppfiles/htdocs/apps/website/tugas/spk_blt/views/profil.php on line 45
